
2003-11-17 12:47 -0700
  modified: src/pam.c (1.120)

2003-12-03 16:24 -0700
  modified: src/Makefile.am (1.45)
  modified: src/poly-quals.c (1.69)
  modified: tests/ok/varargs7.c.out (1.3)
  modified: tests/ok/fpoly/varargs7.c.out (1.3)
  modified: tests/ok/poly/copy_from_user-struct-field.c.out (1.14)

2003-12-10 11:47 -0700
  modified: tests/ok/varargs7.c.out (1.4)
  modified: tests/ok/fpoly/inittest.c.out (1.3)
  modified: tests/ok/fpoly/varargs7.c.out (1.4)
  modified: tests/ok/poly/linux/rtc.i.out (1.14)
  modified: tests/ok/poly/linux/signal-i386.i.out (1.14)
  modified: tests/ok/poly/linux/signal.i.out (1.14)

2003-12-10 12:57 -0700
  modified: src/Makefile.am (1.46)
  modified: src/main.c (1.124)
  modified: tests/compare (1.68)
  modified: tests/flow-sensitive/scripts/static-prelude.sh (1.3)
  modified: tests/ok/confine-inf/cmpci_small.c.out (1.3)
  modified: tests/ok/confine-inf/concap_small.c.out (1.3)
  modified: tests/ok/confine-inf/confine_inf_escape.c.out (1.4)
  modified: tests/ok/confine-inf/confine_inf_jumps.c.out (1.4)
  modified: tests/ok/confine-inf/confine_inf_multiple.c.out (1.4)
  modified: tests/ok/confine-inf/confine_inf_multiple2.c.out (1.3)
  modified: tests/ok/confine-inf/confine_inf_noescape.c.out (1.3)
  modified: tests/ok/confine-inf/confine_inf_test1.c.out (1.3)
  modified: tests/ok/confine-inf/confine_inf_test2.c.out (1.4)
  modified: tests/ok/confine-inf/confine_inf_test3.c.out (1.4)
  modified: tests/ok/confine-inf/confine_inf_test4.c.out (1.4)
  modified: tests/ok/confine-inf/confine_inf_with_confine1.c.out (1.4)
  modified: tests/ok/confine-inf/confine_inf_with_confine2.c.out (1.5)
  modified: tests/ok/confine-inf/confine_inf_with_confine3.c.out (1.4)
  modified: tests/ok/deep_restrict/list1.c.out (1.3)
  modified: tests/ok/deep_restrict/list2.c.out (1.3)
  modified: tests/ok/deep_restrict/list3.c.out (1.3)
  modified: tests/ok/deep_restrict/list4.c.out (1.3)
  modified: tests/ok/deep_restrict/list5.c.out (1.3)
  modified: tests/ok/deep_restrict/list6.c.out (1.3)
  modified: tests/ok/deep_restrict/list7.c.out (1.6)
  modified: tests/ok/deep_restrict/list8.c.out (1.4)
  modified: tests/ok/deep_restrict/list9.c.out (1.6)
  modified: tests/ok/flow-sensitive/address.c.out (1.4)
  modified: tests/ok/flow-sensitive/alias.c.out (1.12)
  modified: tests/ok/flow-sensitive/array-addr.c.out (1.3)
  modified: tests/ok/flow-sensitive/array.c.out (1.9)
  modified: tests/ok/flow-sensitive/array2.c.out (1.9)
  modified: tests/ok/flow-sensitive/array3.c.out (1.9)
  modified: tests/ok/flow-sensitive/array5.c.out (1.5)
  modified: tests/ok/flow-sensitive/assert-effect.c.out (1.12)
  modified: tests/ok/flow-sensitive/badstruct1.c.out (1.4)
  modified: tests/ok/flow-sensitive/cond-lock2.c.out (1.2)
  modified: tests/ok/flow-sensitive/ellipsis1.c.out (1.2)
  modified: tests/ok/flow-sensitive/ellipsis2.c.out (1.2)
  modified: tests/ok/flow-sensitive/ellipsis3.c.out (1.2)
  modified: tests/ok/flow-sensitive/escape.c.out (1.9)
  modified: tests/ok/flow-sensitive/f-bindings.c.out (1.2)
  modified: tests/ok/flow-sensitive/f-bindings2.c.out (1.2)
  modified: tests/ok/flow-sensitive/forever.c.out (1.3)
  modified: tests/ok/flow-sensitive/fun-small.c.out (1.11)
  modified: tests/ok/flow-sensitive/fun.c.out (1.11)
  modified: tests/ok/flow-sensitive/funcall.c.out (1.6)
  modified: tests/ok/flow-sensitive/goto.c.out (1.9)
  modified: tests/ok/flow-sensitive/infinite-do.c.out (1.3)
  modified: tests/ok/flow-sensitive/infinite-while.c.out (1.3)
  modified: tests/ok/flow-sensitive/interesting.c.out (1.9)
  modified: tests/ok/flow-sensitive/local.c.out (1.2)
  modified: tests/ok/flow-sensitive/lock-small.c.out (1.10)
  modified: tests/ok/flow-sensitive/lock.c.out (1.12)
  modified: tests/ok/flow-sensitive/nested.c.out (1.5)
  modified: tests/ok/flow-sensitive/no-effect.c.out (1.4)
  modified: tests/ok/flow-sensitive/noreturn.c.out (1.3)
  modified: tests/ok/flow-sensitive/oldstyle-newstyle.c.out (1.9)
  modified: tests/ok/flow-sensitive/oldstyle.c.out (1.7)
  modified: tests/ok/flow-sensitive/restrict1.c.out (1.5)
  modified: tests/ok/flow-sensitive/restrict2.c.out (1.5)
  modified: tests/ok/flow-sensitive/restrict3.c.out (1.5)
  modified: tests/ok/flow-sensitive/restrict4.c.out (1.5)
  modified: tests/ok/flow-sensitive/restrict5.c.out (1.5)
  modified: tests/ok/flow-sensitive/restrict6.c.out (1.5)
  modified: tests/ok/flow-sensitive/restrict7.c.out (1.5)
  modified: tests/ok/flow-sensitive/restrict8.c.out (1.2)
  modified: tests/ok/flow-sensitive/restrict9.c.out (1.2)
  modified: tests/ok/flow-sensitive/simple.c.out (1.11)
  modified: tests/ok/flow-sensitive/simple2.c.out (1.12)
  modified: tests/ok/flow-sensitive/struct.c.out (1.9)
  modified: tests/ok/flow-sensitive/read-write/if-cond.c.out (1.2)
  modified: tests/ok/flow-sensitive/read-write/loop-fopen.c.out (1.2)
  modified: tests/ok/flow-sensitive/read-write/multiopen.c.out (1.2)
  modified: tests/ok/flow-sensitive/read-write/open-close-loop.c.out (1.2)
  modified: tests/ok/flow-sensitive/read-write/open-close1.c.out (1.6)
  modified: tests/ok/flow-sensitive/read-write/open-close10.c.out (1.2)
  modified: tests/ok/flow-sensitive/read-write/open-close11.c.out (1.2)
  modified: tests/ok/flow-sensitive/read-write/open-close12.c.out (1.2)
  modified: tests/ok/flow-sensitive/read-write/open-close3.c.out (1.7)
  modified: tests/ok/flow-sensitive/read-write/open-close4.c.out (1.2)
  modified: tests/ok/flow-sensitive/read-write/open-close5.c.out (1.6)
  modified: tests/ok/flow-sensitive/read-write/open-close6.c.out (1.6)
  modified: tests/ok/flow-sensitive/read-write/open-close7.c.out (1.6)
  modified: tests/ok/flow-sensitive/read-write/open-close9.c.out (1.4)
  modified: tests/ok/flow-sensitive/read-write/open-test-fallthrough.c.out (1.2)
  modified: tests/ok/flow-sensitive/read-write/read1.c.out (1.5)
  modified: tests/ok/flow-sensitive/read-write/read2.c.out (1.5)
  modified: tests/ok/flow-sensitive/read-write/read3.c.out (1.4)
  modified: tests/ok/flow-sensitive/read-write/return-cond.c.out (1.2)
  modified: tests/ok/flow-sensitive/read-write/safefopen.c.out (1.6)
  modified: tests/ok/flow-sensitive/scripts/diff-decl-fs.sh.out (1.8)
  modified: tests/ok/flow-sensitive/scripts/oldstyle-newstyle-fs.sh.out (1.8)
  modified: tests/ok/flow-sensitive-base/anon-enum-param.c.out (1.2)
  modified: tests/ok/flow-sensitive-base/array.c.out (1.5)
  modified: tests/ok/flow-sensitive-base/assign-fancy.c.out (1.5)
  modified: tests/ok/flow-sensitive-base/backflow.c.out (1.5)
  modified: tests/ok/flow-sensitive-base/builtin.c.out (1.8)
  modified: tests/ok/flow-sensitive-base/cast-only-qual.c.out (1.2)
  modified: tests/ok/flow-sensitive-base/cast.c.out (1.5)
  modified: tests/ok/flow-sensitive-base/change.c.out (1.5)
  modified: tests/ok/flow-sensitive-base/char.c.out (1.5)
  modified: tests/ok/flow-sensitive-base/comma-strange.c.out (1.5)
  modified: tests/ok/flow-sensitive-base/compoundexpr.c.out (1.5)
  modified: tests/ok/flow-sensitive-base/conditional.c.out (1.5)
  modified: tests/ok/flow-sensitive-base/conflict.c.out (1.5)
  modified: tests/ok/flow-sensitive-base/const-subtyping.c.out (1.5)
  modified: tests/ok/flow-sensitive-base/diff-decl1.c.out (1.4)
  modified: tests/ok/flow-sensitive-base/diff-decl2.c.out (1.4)
  modified: tests/ok/flow-sensitive-base/double.c.out (1.5)
  modified: tests/ok/flow-sensitive-base/emptyargs.c.out (1.5)
  modified: tests/ok/flow-sensitive-base/enum.c.out (1.5)
  modified: tests/ok/flow-sensitive-base/enum2.c.out (1.4)
  modified: tests/ok/flow-sensitive-base/enum3.c.out (1.3)
  modified: tests/ok/flow-sensitive-base/enum4.c.out (1.2)
  modified: tests/ok/flow-sensitive-base/enum5.c.out (1.3)
  modified: tests/ok/flow-sensitive-base/err1.c.out (1.8)
  modified: tests/ok/flow-sensitive-base/error.c.out (1.6)
  modified: tests/ok/flow-sensitive-base/field.c.out (1.5)
  modified: tests/ok/flow-sensitive-base/fn-qual.c.out (1.2)
  modified: tests/ok/flow-sensitive-base/for.c.out (1.5)
  modified: tests/ok/flow-sensitive-base/funcall.c.out (1.6)
  modified: tests/ok/flow-sensitive-base/funptr-compat.c.out (1.8)
  modified: tests/ok/flow-sensitive-base/increment.c.out (1.5)
  modified: tests/ok/flow-sensitive-base/initarray.c.out (1.6)
  modified: tests/ok/flow-sensitive-base/initfield.c.out (1.5)
  modified: tests/ok/flow-sensitive-base/initlist.c.out (1.4)
  modified: tests/ok/flow-sensitive-base/initmultidim.c.out (1.5)
  modified: tests/ok/flow-sensitive-base/initstring.c.out (1.5)
  modified: tests/ok/flow-sensitive-base/initstruct.c.out (1.5)
  modified: tests/ok/flow-sensitive-base/initunion.c.out (1.2)
  modified: tests/ok/flow-sensitive-base/initunion2.c.out (1.3)
  modified: tests/ok/flow-sensitive-base/initunion3.c.out (1.4)
  modified: tests/ok/flow-sensitive-base/list.c.out (1.5)
  modified: tests/ok/flow-sensitive-base/multiassign.c.out (1.5)
  modified: tests/ok/flow-sensitive-base/multidef.c.out (1.5)
  modified: tests/ok/flow-sensitive-base/multidef2.c.out (1.4)
  modified: tests/ok/flow-sensitive-base/multidim.c.out (1.5)
  modified: tests/ok/flow-sensitive-base/multitype.c.out (1.2)
  modified: tests/ok/flow-sensitive-base/nomain.c.out (1.5)
  modified: tests/ok/flow-sensitive-base/null.c.out (1.5)
  modified: tests/ok/flow-sensitive-base/oldstyle-funaddr.c.out (1.5)
  modified: tests/ok/flow-sensitive-base/oldstyle-newstyle1.c.out (1.5)
  modified: tests/ok/flow-sensitive-base/oldstyle-newstyle2.c.out (1.4)
  modified: tests/ok/flow-sensitive-base/oldstyle-with-no-proto.c.out (1.3)
  modified: tests/ok/flow-sensitive-base/oldstyle-with-proto.c.out (1.2)
  modified: tests/ok/flow-sensitive-base/oldstyle.c.out (1.6)
  modified: tests/ok/flow-sensitive-base/oldstyle2.c.out (1.5)
  modified: tests/ok/flow-sensitive-base/pad.c.out (1.3)
  modified: tests/ok/flow-sensitive-base/plus.c.out (1.5)
  modified: tests/ok/flow-sensitive-base/linux/init-field.c.out (1.2)
  modified: tests/ok/flow-sensitive-base/linux/init-ptr.c.out (1.2)
  modified: tests/ok/flow-sensitive-base/linux/kernel-init.c.out (1.3)

2003-12-10 14:31 -0700
  modified: tests/compare (1.69)
  modified: tests/ok/flow-sensitive-base/return.c.out (1.4)
  modified: tests/ok/flow-sensitive-base/simple.c.out (1.5)
  modified: tests/ok/flow-sensitive-base/simple2.c.out (1.5)
  modified: tests/ok/flow-sensitive-base/simple3.c.out (1.5)
  modified: tests/ok/flow-sensitive-base/strict-const.c.out (1.5)
  modified: tests/ok/flow-sensitive-base/string.c.out (1.5)
  modified: tests/ok/flow-sensitive-base/struct-nouse.c.out (1.4)
  modified: tests/ok/flow-sensitive-base/struct.c.out (1.5)
  modified: tests/ok/flow-sensitive-base/structdef1.c.out (1.5)
  modified: tests/ok/flow-sensitive-base/structdef2.c.out (1.4)
  modified: tests/ok/flow-sensitive-base/structinit.c.out (1.4)
  modified: tests/ok/flow-sensitive-base/structtype.c.out (1.5)
  modified: tests/ok/flow-sensitive-base/taint-call.c.out (1.5)
  modified: tests/ok/flow-sensitive-base/trans-po.c.out (1.5)
  modified: tests/ok/flow-sensitive-base/transparent-union.c.out (1.8)
  modified: tests/ok/flow-sensitive-base/tunion.c.out (1.7)
  modified: tests/ok/flow-sensitive-base/typedef_modifier.c.out (1.2)
  modified: tests/ok/flow-sensitive-base/typedef_void.c.out (1.2)
  modified: tests/ok/flow-sensitive-base/unary_plus.c.out (1.2)
  modified: tests/ok/flow-sensitive-base/undefined-varargs.c.out (1.5)
  modified: tests/ok/flow-sensitive-base/undefined.c.out (1.8)
  modified: tests/ok/flow-sensitive-base/valarray.c.out (1.5)
  modified: tests/ok/flow-sensitive-base/valstruct.c.out (1.5)
  modified: tests/ok/flow-sensitive-base/valunion.c.out (1.5)
  modified: tests/ok/flow-sensitive-base/varargs.c.out (1.6)
  modified: tests/ok/flow-sensitive-base/varargs2.c.out (1.2)
  modified: tests/ok/flow-sensitive-base/varargs5.c.out (1.3)
  modified: tests/ok/flow-sensitive-base/varargs6.c.out (1.5)
  modified: tests/ok/flow-sensitive-base/varargs7.c.out (1.2)
  modified: tests/ok/flow-sensitive-base/voidconditional.c.out (1.2)
  modified: tests/ok/flow-sensitive-base/volatile.c.out (1.5)
  modified: tests/ok/readonly/readonly1.c.out (1.3)
  modified: tests/ok/readonly/readonly2.c.out (1.3)
  modified: tests/ok/restrict/alias.c.out (1.11)
  modified: tests/ok/restrict/array.c.out (1.3)
  modified: tests/ok/restrict/compound-effect-expr.c.out (1.7)
  modified: tests/ok/restrict/compound-effect.c.out (1.7)
  modified: tests/ok/restrict/compound-effect2.c.out (1.7)
  modified: tests/ok/restrict/effect-level.c.out (1.5)
  modified: tests/ok/restrict/extern.c.out (1.4)
  modified: tests/ok/restrict/fun-effect.c.out (1.7)
  modified: tests/ok/restrict/fun-effect2.c.out (1.6)
  modified: tests/ok/restrict/fun-multiarg.c.out (1.5)
  modified: tests/ok/restrict/fun-multiarg2.c.out (1.4)
  modified: tests/ok/restrict/global-alias.c.out (1.6)
  modified: tests/ok/restrict/global-alias2.c.out (1.4)
  modified: tests/ok/restrict/global-alias3.c.out (1.4)
  modified: tests/ok/restrict/global-nest-restrict.c.out (1.5)
  modified: tests/ok/restrict/global-nest-restrict2.c.out (1.6)
  modified: tests/ok/restrict/global-nest-restrict3.c.out (1.5)
  modified: tests/ok/restrict/global.c.out (1.7)
  modified: tests/ok/restrict/global2.c.out (1.7)
  modified: tests/ok/restrict/init-effect-global.c.out (1.5)
  modified: tests/ok/restrict/init-effect.c.out (1.5)
  modified: tests/ok/restrict/lvalue-rvalue-effect.c.out (1.5)
  modified: tests/ok/restrict/non-escape-seq.c.out (1.3)
  modified: tests/ok/restrict/non-escape.c.out (1.8)
  modified: tests/ok/restrict/non-escape2.c.out (1.7)
  modified: tests/ok/restrict/non-escape3.c.out (1.5)
  modified: tests/ok/restrict/param.c.out (1.3)
  modified: tests/ok/restrict/recursive.c.out (1.8)
  modified: tests/ok/restrict/recursive2.c.out (1.7)
  modified: tests/ok/restrict/restrict-effect.c.out (1.6)
  modified: tests/ok/restrict/restrict.c.out (1.7)
  modified: tests/ok/restrict/scope-effect.c.out (1.6)
  modified: tests/ok/restrict/static.c.out (1.4)
  modified: tests/ok/restrict/struct-return-type.c.out (1.5)
  modified: tests/ok/restrict/xalloc.c.out (1.2)
  modified: tests/ok/store_2ndpass/compound-expr.c.out (1.4)
  modified: tests/ok/store_2ndpass/file1.c.out (1.4)

2003-12-11 15:54 -0700
  modified: src/analyze.c (1.367)
  modified: tests/inittest.c (1.3)
  modified: tests/ok/inittest.c.out (1.3)
  modified: tests/ok/fpoly/inittest.c.out (1.4)

2003-12-11 16:10 -0700
  added:    tests/openarray.c (1.1)

2003-12-12 09:20 -0700
  added:    bin/.cvsignore (1.1)
  added:    config/.cvsignore (1.1)
  modified: doc/.cvsignore (1.6)
  modified: src/c-parse.y (1.28)
  modified: src/nodetypes.def (1.57)
  modified: src/pam.c (1.121)
  modified: src/semantics.c (1.51)
  modified: src/types.c (1.32)
  added:    tests/array-qual.c (1.1)
  added:    tests/ok/array-qual.c.out (1.1)
  added:    tests/ok/flow-sensitive-base/array-qual.c.out (1.1)
  added:    tests/ok/fpoly/array-qual.c.out (1.1)

2003-12-12 09:21 -0700
  modified: src/Makefile.am (1.47)

2003-12-12 09:25 -0700
  modified: tests/ok/poly/linux/rtc.i.out (1.15)
  modified: tests/ok/poly/linux/signal-i386.i.out (1.15)
  modified: tests/ok/poly/linux/signal.i.out (1.15)

2004-02-22 19:40 -0700
  modified: VERSION-TAGS (1.5)
  modified: configure.in (1.16)
  modified: doc/user-guide.tex (1.45)

2004-02-29 15:16 -0700
  modified: src/analyze.c (1.368)

2004-02-29 15:17 -0700
  modified: doc/user-guide.tex (1.30.2.1)
  modified: src/analyze.c (1.301.2.1)
  modified: src/qtype.c (1.272.2.1)
  modified: src/semantics.c (1.37.2.1)

2004-03-05 11:42 -0700
  added:    src/libqual/Makefile.am (1.1)
  added:    src/libqual/bool.h (1.1)
  added:    src/libqual/buffer.c (1.1)
  added:    src/libqual/buffer.h (1.1)
  added:    src/libqual/cqual-stdint.h (1.1)
  added:    src/libqual/dd_list.c (1.1)
  added:    src/libqual/dd_list.h (1.1)
  added:    src/libqual/hash.c (1.1)
  added:    src/libqual/hash.h (1.1)
  added:    src/libqual/libqual.h (1.1)
  added:    src/libqual/location.c (1.1)
  added:    src/libqual/location.h (1.1)
  added:    src/libqual/quals.c (1.1)
  added:    src/libqual/quals.h (1.1)
  added:    src/libqual/termhash.c (1.1)
  added:    src/libqual/termhash.h (1.1)
  added:    src/libqual/typed_bag.h (1.1)
  added:    src/libqual/typed_ddlist.h (1.1)
  added:    src/libqual/typed_hashset.h (1.1)
  added:    src/libqual/typed_map.h (1.1)
  added:    src/libqual/typed_set.h (1.1)
  added:    src/libqual/utils.c (1.1)
  added:    src/libqual/utils.h (1.1)

2004-03-05 11:44 -0700
  modified: src/iquals.y (1.34)
  modified: src/rinf_pam.c (1.19)

2004-03-05 12:40 -0700
  modified: src/libqual/Makefile.am (1.2)
  added:    src/libqual/oldquals.c (1.1)

2004-03-05 12:49 -0700
  modified: src/Makefile.am (1.48)
  removed:  src/bool.h (1.5)
  removed:  src/buffer.c (1.9)
  removed:  src/buffer.h (1.7)
  modified: src/cqual.h (1.34)
  added:    src/cstring.c (1.1)
  removed:  src/dd_list.c (1.4)
  removed:  src/dd_list.h (1.9)
  modified: src/flags.c (1.16)
  modified: src/flags.h (1.46)
  removed:  src/hash.c (1.34)
  removed:  src/hash.h (1.24)
  removed:  src/location.c (1.9)
  removed:  src/location.h (1.12)
  modified: src/pam.c (1.122)
  removed:  src/poly-quals.c (1.70)
  removed:  src/quals.c (1.190)
  removed:  src/quals.h (1.111)
  removed:  src/termhash.c (1.5)
  removed:  src/termhash.h (1.5)
  removed:  src/typed_bag.h (1.3)
  removed:  src/typed_ddlist.h (1.7)
  removed:  src/typed_hashset.h (1.3)
  removed:  src/typed_map.h (1.4)
  removed:  src/typed_set.h (1.4)
  removed:  src/utils.c (1.15)
  removed:  src/utils.h (1.16)
  added:    src/libqual/.cvsignore (1.1)

2004-03-05 12:57 -0700
  modified: configure.in (1.17)

2004-03-05 13:41 -0700
  modified: src/Makefile.am (1.49)
  modified: src/c-lex.c (1.21)
  modified: src/input.c (1.7)
  modified: src/main.c (1.125)
  modified: src/rinf_main.c (1.11)
  modified: src/semantics.c (1.52)
  modified: src/toplev.c (1.15)
  added:    src/xmalloc.c (1.1)
  added:    src/xmalloc.h (1.1)
  modified: src/libqual/oldquals.c (1.2)
  modified: src/libqual/utils.c (1.2)
  modified: src/libqual/utils.h (1.2)

2004-03-11 08:10 -0700
  modified: tests/ok/fpoly/inittest.c.out (1.5)
  modified: tests/ok/poly/linux/rtc.i.out (1.16)
  modified: tests/ok/poly/linux/signal-i386.i.out (1.16)
  modified: tests/ok/poly/linux/signal.i.out (1.16)

2004-03-11 13:02 -0700
  modified: tests/ok/poly/linux/rtc.i.out (1.17)
  modified: tests/ok/poly/linux/signal-i386.i.out (1.17)
  modified: tests/ok/poly/linux/signal.i.out (1.17)

2004-03-11 13:03 -0700
  modified: src/effect.c (1.182)
  modified: src/qtype.c (1.345)
  modified: src/qtype.h (1.140)
  modified: src/libqual/libqual.h (1.2)
  modified: src/libqual/oldquals.c (1.3)
  modified: src/libqual/quals.c (1.2)
  modified: src/libqual/quals.h (1.2)

2004-03-22 09:22 -0700
  modified: src/libqual/Makefile.am (1.3)
  added:    src/libqual/libqual.c (1.1)
  modified: src/libqual/libqual.h (1.3)
  modified: src/libqual/oldquals.c (1.4)
  modified: src/libqual/quals.c (1.3)
  modified: src/libqual/quals.h (1.3)

2004-03-31 08:55 -0700
  modified: src/Makefile.am (1.50)
  modified: src/libqual/Makefile.am (1.4)

2004-03-31 09:37 -0700
  added:    config-aux/config.guess (1.1)
  added:    config-aux/config.sub (1.1)
  added:    config-aux/ltmain.sh (1.1)
  modified: acinclude.m4 (1.4)

2004-04-29 12:08 -0700
  modified: acinclude.m4 (1.5)
  modified: configure.in (1.18)

2004-04-29 16:18 -0700
  modified: src/analyze.c (1.369)
  modified: src/common-analyze.c (1.32)
  modified: src/common-analyze.h (1.11)

2004-04-29 16:29 -0700
  modified: bin/kqual (1.5)
  modified: config/proto-noderef.cq (1.5)

2004-05-03 17:26 -0700
  modified: .cvsignore (1.10)
  modified: acinclude.m4 (1.6)
  modified: configure.in (1.19)

2004-05-03 17:30 -0700
  added:    src/libqual/libqual_Native.c (1.1)
  modified: src/libqual/.cvsignore (1.2)
  added:    src/libqual/libqual/Native.java (1.1)

2004-05-04 11:46 -0700
  modified: acinclude.m4 (1.7)
  added:    libtool.m4 (1.1)

2004-05-04 11:47 -0700
  modified: config-aux/config.guess (1.2)
  modified: config-aux/config.sub (1.2)
  modified: config-aux/ltmain.sh (1.2)

2004-05-04 11:49 -0700
  modified: acinclude.m4 (1.8)
  removed:  libtool.m4 (1.2)

2004-05-06 07:10 -0700
  modified: tests/ok/flow-sensitive/array4.c.out (1.6)
  modified: tests/ok/flow-sensitive/decl.c.out (1.13)
  modified: tests/ok/flow-sensitive/decl2.c.out (1.10)
  modified: tests/ok/flow-sensitive/dowhile.c.out (1.5)
  modified: tests/ok/fpoly/inittest.c.out (1.6)

2004-05-06 07:11 -0700
  modified: tests/ok/poly/linux/fun-qual.c.out (1.10)
  modified: tests/ok/poly/linux/init-field.c.out (1.10)
  modified: tests/ok/poly/linux/init-ptr.c.out (1.8)
  modified: tests/ok/poly/linux/kernel-init.c.out (1.11)
  modified: tests/ok/poly/linux/rtc.i.out (1.18)
  modified: tests/ok/poly/linux/signal-i386.i.out (1.18)
  modified: tests/ok/poly/linux/signal.i.out (1.18)
  modified: tests/ok/scripts/prelude.sh.out (1.26)

2004-05-16 11:24 -0700
  modified: configure.in (1.20)

2004-05-16 11:41 -0700
  modified: src/Makefile.am (1.51)
  modified: src/cqual.h (1.35)
  removed:  src/lattice-parse.l (1.16)
  removed:  src/lattice-parse.y (1.20)
  modified: src/libcompat/Makefile.am (1.14)
  modified: src/libqual/Makefile.am (1.5)
  added:    src/libqual/lattice-parse.l (1.1)
  added:    src/libqual/lattice-parse.y (1.1)
  modified: src/libqual/libqual.h (1.4)
  modified: src/libqual/libqual_Native.c (1.2)

2004-05-18 06:30 -0700
  modified: src/libqual/Makefile.am (1.6)
  modified: src/libqual/libqual_Native.c (1.3)

2004-06-24 10:20 -0700
  modified: VERSION-TAGS (1.1.2.2)
  modified: configure.in (1.4.2.1)
  modified: src/Makefile.am (1.7.2.2)
  modified: VERSION-TAGS (1.6)

2004-06-24 14:39 -0700
  modified: src/Makefile.am (1.52)

2004-06-25 12:50 -0700
  modified: src/common-analyze.c (1.33)
  modified: src/qtype.c (1.346)
  modified: src/qtype.h (1.141)
  modified: src/libqual/oldquals.c (1.5)
  modified: src/libqual/quals.c (1.4)
  modified: src/libqual/quals.h (1.4)
  modified: tests/ok/scripts/prelude.sh.out (1.27)

2004-06-30 13:58 -0700
  modified: configure.in (1.21)
  modified: setup (1.2)
